Arguments: 
  /Users/ko-kamenashi/.nvm/versions/node/v10.16.3/bin/node /Users/ko-kamenashi/.yarn/releases/yarn-1.22.10.cjs init

PATH: 
  /usr/local/opt/krb5/sbin:/usr/local/opt/krb5/bin:/Users/ko-kamenashi/.conscript/bin:/Library/Frameworks/Python.framework/Versions/3.8/bin:/Users/ko-kamenashi/google-cloud-sdk/bin:/Users/ko-kamenashi/.nvm/versions/node/v10.16.3/bin:/usr/local/bin:/usr/bin:/bin:/usr/sbin:/sbin:/Applications/Wireshark.app/Contents/MacOS:/Library/Java/JavaVirtualMachines/jdk1.8.0_152.jdk/Contents/Home/bin

Yarn version: 
  1.22.10

Node version: 
  10.16.3

Platform: 
  darwin x64

Trace: 
  Error: canceled
      at Interface.<anonymous> (/Users/ko-kamenashi/.yarn/releases/yarn-1.22.10.cjs:131420:13)
      at Interface.emit (events.js:198:13)
      at Interface._ttyWrite (readline.js:801:16)
      at ReadStream.onkeypress (readline.js:184:10)
      at ReadStream.emit (events.js:198:13)
      at emitKeys (internal/readline.js:424:14)
      at emitKeys.next (<anonymous>)
      at ReadStream.onData (readline.js:1075:36)
      at ReadStream.emit (events.js:198:13)
      at addChunk (_stream_readable.js:288:12)

npm manifest: 
  No manifest

yarn manifest: 
  No manifest

Lockfile: 
  No lockfile
